     Assembly listing for: Pagina12 Material 9.mas
                Assembled: Thu May 04 09:50:17 BRT 2017

000 5000 |         INPUT             
001 2009 |         STORE x           
002 5000 |         INPUT             
003 200A |         STORE y           
004 1009 |         LOAD x            
005 300A |         ADD y             
006 6000 |         OUTPUT            
007 9009 |         JUMP x            
008 7000 |         HALT              
009 0000 |  x      DEC 0             
00A 0000 |  y      DEC 0             

Assembly successful.

         SYMBOL TABLE
         --------------------------------------------------
          Symbol | Defined | References 
         --------+---------+-------------------------------
          x      |   009   | 001, 004, 007
          y      |   00A   | 003, 005
         --------------------------------------------------

